<?xml version="1.0" encoding="UTF-8"?>
<!-- Generated by org.testng.reporters.JUnitReportReporter -->
<testsuite hostname="Gopinath-Jayakumar" name="testCases.TC001_CreateLead" tests="1" failures="0" timestamp="9 Sep 2017 00:36:32 GMT" time="21.693" errors="0">
  <testcase name="loginLogOut" time="21.693" classname="testCases.TC001_CreateLead"/>
</testsuite> <!-- testCases.TC001_CreateLead -->
